;  LST file generated by mikroListExporter - v.2.0 
; Date/Time: 26/8/2021 16:44:32
;----------------------------------------------

;Address Opcode 	ASM
0x0000	0xF000EF54  	GOTO        168
_interrupt:
;PruebaNodo2.c,94 :: 		void interrupt(void){
;PruebaNodo2.c,96 :: 		if(PIR1.F5==1){
0x0008	0xBA9E      	BTFSC       PIR1, 5 
;PruebaNodo2.c,118 :: 		PIR1.F5 = 0;                               //Limpia la bandera de interrupcion de UART1
0x000A	0x9A9E      	BCF         PIR1, 5 
;PruebaNodo2.c,120 :: 		}
L_interrupt16:
;PruebaNodo2.c,122 :: 		}
L_end_interrupt:
L__interrupt21:
0x000C	0x0011      	RETFIE      1
; end of _interrupt
_UART1_Init:
;__Lib_UART_c67b67.c,20 :: 		
;__Lib_UART_c67b67.c,23 :: 		
0x000E	0x0EFF      	MOVLW       _UART1_Write
0x0010	0x6E15      	MOVWF       _UART_Wr_Ptr 
0x0012	0x0EFF      	MOVLW       hi_addr(_UART1_Write)
0x0014	0x6E16      	MOVWF       _UART_Wr_Ptr+1 
0x0016	0x0EFF      	MOVLW       FARG_UART1_Write_data_
0x0018	0x6E17      	MOVWF       _UART_Wr_Ptr+2 
0x001A	0x0EFF      	MOVLW       hi_addr(FARG_UART1_Write_data_)
0x001C	0x6E18      	MOVWF       _UART_Wr_Ptr+3 
;__Lib_UART_c67b67.c,24 :: 		
0x001E	0x0EFF      	MOVLW       _UART1_Read
0x0020	0x6E21      	MOVWF       _UART_Rd_Ptr 
0x0022	0x0EFF      	MOVLW       hi_addr(_UART1_Read)
0x0024	0x6E22      	MOVWF       _UART_Rd_Ptr+1 
0x0026	0x0E00      	MOVLW       0
0x0028	0x6E23      	MOVWF       _UART_Rd_Ptr+2 
0x002A	0x0E00      	MOVLW       0
0x002C	0x6E24      	MOVWF       _UART_Rd_Ptr+3 
;__Lib_UART_c67b67.c,25 :: 		
0x002E	0x0EFF      	MOVLW       _UART1_Data_Ready
0x0030	0x6E1D      	MOVWF       _UART_Rdy_Ptr 
0x0032	0x0EFF      	MOVLW       hi_addr(_UART1_Data_Ready)
0x0034	0x6E1E      	MOVWF       _UART_Rdy_Ptr+1 
0x0036	0x0E00      	MOVLW       0
0x0038	0x6E1F      	MOVWF       _UART_Rdy_Ptr+2 
0x003A	0x0E00      	MOVLW       0
0x003C	0x6E20      	MOVWF       _UART_Rdy_Ptr+3 
;__Lib_UART_c67b67.c,26 :: 		
0x003E	0x0EFF      	MOVLW       _UART1_Tx_Idle
0x0040	0x6E19      	MOVWF       _UART_Tx_Idle_Ptr 
0x0042	0x0EFF      	MOVLW       hi_addr(_UART1_Tx_Idle)
0x0044	0x6E1A      	MOVWF       _UART_Tx_Idle_Ptr+1 
0x0046	0x0E00      	MOVLW       0
0x0048	0x6E1B      	MOVWF       _UART_Tx_Idle_Ptr+2 
0x004A	0x0E00      	MOVLW       0
0x004C	0x6E1C      	MOVWF       _UART_Tx_Idle_Ptr+3 
;__Lib_UART_c67b67.c,28 :: 		
0x004E	0x8AAC      	BSF         TXSTA, 5 
;__Lib_UART_c67b67.c,29 :: 		
0x0050	0x0E90      	MOVLW       144
0x0052	0x6EAB      	MOVWF       RCSTA 
;__Lib_UART_c67b67.c,30 :: 		
0x0054	0x8E94      	BSF         TRISC7_bit, BitPos(TRISC7_bit+0) 
;__Lib_UART_c67b67.c,31 :: 		
0x0056	0x9C94      	BCF         TRISC6_bit, BitPos(TRISC6_bit+0) 
;__Lib_UART_c67b67.c,33 :: 		
L_UART1_Init0:
0x0058	0xAA9E      	BTFSS       PIR1, 5 
0x005A	0xD003      	BRA         L_UART1_Init1
;__Lib_UART_c67b67.c,34 :: 		
0x005C	0xF000CFAE  	MOVFF       RCREG, R0
0x0060	0xD7FB      	BRA         L_UART1_Init0
L_UART1_Init1:
;__Lib_UART_c67b67.c,35 :: 		
L_end_UART1_Init:
0x0062	0x0012      	RETURN      0
; end of _UART1_Init
_ConfiguracionPrincipal:
;PruebaNodo2.c,64 :: 		void ConfiguracionPrincipal(){
;PruebaNodo2.c,67 :: 		OSCCON.IDLEN=1;                                    //Entra en modo IDLE durante la instruccion SLEEP
0x0064	0x8ED3      	BSF         OSCCON, 7 
;PruebaNodo2.c,68 :: 		OSCCON.IRCF2=1;                                    //HFINTOSC=16MHz  IRFC=111
0x0066	0x8CD3      	BSF         OSCCON, 6 
;PruebaNodo2.c,69 :: 		OSCCON.IRCF1=1;
0x0068	0x8AD3      	BSF         OSCCON, 5 
;PruebaNodo2.c,70 :: 		OSCCON.IRCF0=1;
0x006A	0x88D3      	BSF         OSCCON, 4 
;PruebaNodo2.c,71 :: 		OSCCON.SCS1=1;                                     //System Clock Select bit:  1x=Internal oscillator block
0x006C	0x82D3      	BSF         OSCCON, 1 
;PruebaNodo2.c,72 :: 		OSCCON.SCS0=1;
0x006E	0x80D3      	BSF         OSCCON, 0 
;PruebaNodo2.c,75 :: 		ANSELB = 0;                                        //Configura PORTB como digital
0x0070	0x010F      	MOVLB       15
0x0072	0x6B39      	CLRF        ANSELB, 1
;PruebaNodo2.c,76 :: 		ANSELC = 0;                                        //Configura PORTC como digital
0x0074	0x6B3A      	CLRF        ANSELC, 1
;PruebaNodo2.c,78 :: 		TEST_Direction = 0;                                //Configura el pin TEST como salida
0x0076	0x9894      	BCF         TRISC4_bit, BitPos(TRISC4_bit+0) 
;PruebaNodo2.c,79 :: 		MS1RS485_Direction = 0;                            //Configura el pin MS1RS485 como salida
0x0078	0x9A94      	BCF         TRISC5_bit, BitPos(TRISC5_bit+0) 
;PruebaNodo2.c,81 :: 		INTCON.GIE = 1;                                    //Habilita las interrupciones globales
0x007A	0x8EF2      	BSF         INTCON, 7 
;PruebaNodo2.c,82 :: 		INTCON.PEIE = 1;                                   //Habilita las interrupciones perifericas
0x007C	0x8CF2      	BSF         INTCON, 6 
;PruebaNodo2.c,85 :: 		PIE1.RC1IE = 1;                                   //Habilita la interrupcion en UART1 receive
0x007E	0x8A9D      	BSF         PIE1, 5 
;PruebaNodo2.c,86 :: 		PIR1.RC1IF = 0;                                   //Limpia la bandera de interrupcion UART1
0x0080	0x9A9E      	BCF         PIR1, 5 
;PruebaNodo2.c,87 :: 		UART1_Init(19200);                                //Inicializa el UART1 a 19200 bps
0x0082	0x86B8      	BSF         BAUDCON, 3, 0
0x0084	0x6AB0      	CLRF        SPBRGH 
0x0086	0x0ECF      	MOVLW       207
0x0088	0x6EAF      	MOVWF       SPBRG 
0x008A	0x84AC      	BSF         TXSTA, 2, 0
0x008C	0xDFC0      	RCALL       _UART1_Init
;PruebaNodo2.c,89 :: 		Delay_ms(100);                                     //Espera hasta que se estabilicen los cambios
0x008E	0x0E03      	MOVLW       3
0x0090	0x6E0B      	MOVWF       R11, 0
0x0092	0x0E08      	MOVLW       8
0x0094	0x6E0C      	MOVWF       R12, 0
0x0096	0x0E77      	MOVLW       119
0x0098	0x6E0D      	MOVWF       R13, 0
L_ConfiguracionPrincipal15:
0x009A	0x2E0D      	DECFSZ      R13, 1, 0
0x009C	0xD7FE      	BRA         L_ConfiguracionPrincipal15
0x009E	0x2E0C      	DECFSZ      R12, 1, 0
0x00A0	0xD7FC      	BRA         L_ConfiguracionPrincipal15
0x00A2	0x2E0B      	DECFSZ      R11, 1, 0
0x00A4	0xD7FA      	BRA         L_ConfiguracionPrincipal15
;PruebaNodo2.c,91 :: 		}
L_end_ConfiguracionPrincipal:
0x00A6	0x0012      	RETURN      0
; end of _ConfiguracionPrincipal
_main:
;PruebaNodo2.c,47 :: 		void main() {
;PruebaNodo2.c,49 :: 		ConfiguracionPrincipal();
0x00A8	0xDFDD      	RCALL       _ConfiguracionPrincipal
;PruebaNodo2.c,52 :: 		TEST = 1;
0x00AA	0x888B      	BSF         LATC4_bit, BitPos(LATC4_bit+0) 
;PruebaNodo2.c,55 :: 		while(1){
L_main12:
;PruebaNodo2.c,56 :: 		TEST = ~TEST;
0x00AC	0x788B      	BTG         LATC4_bit, BitPos(LATC4_bit+0) 
;PruebaNodo2.c,57 :: 		Delay_ms(250);
0x00AE	0x0E06      	MOVLW       6
0x00B0	0x6E0B      	MOVWF       R11, 0
0x00B2	0x0E13      	MOVLW       19
0x00B4	0x6E0C      	MOVWF       R12, 0
0x00B6	0x0EAD      	MOVLW       173
0x00B8	0x6E0D      	MOVWF       R13, 0
L_main14:
0x00BA	0x2E0D      	DECFSZ      R13, 1, 0
0x00BC	0xD7FE      	BRA         L_main14
0x00BE	0x2E0C      	DECFSZ      R12, 1, 0
0x00C0	0xD7FC      	BRA         L_main14
0x00C2	0x2E0B      	DECFSZ      R11, 1, 0
0x00C4	0xD7FA      	BRA         L_main14
0x00C6	0x0000      	NOP
0x00C8	0x0000      	NOP
;PruebaNodo2.c,58 :: 		}
0x00CA	0xD7F0      	BRA         L_main12
;PruebaNodo2.c,60 :: 		}
L_end_main:
0x00CC	0xD7FF      	BRA         $+0
; end of _main
Symbol List:
//** Routines locations **
//ADDRESS    SIZE    PROCEDURE
//----------------------------------------------
0x0008       [6]    _interrupt
0x000E      [86]    _UART1_Init
0x0064      [68]    _ConfiguracionPrincipal
0x00A8      [38]    _main
//** Variables locations ** 
//ADDRESS    SIZE    VARIABLE
//----------------------------------------------
0x0000       [1]    UART2_Init_tmp_L0
0x0000       [1]    R0
0x0000       [1]    UART1_Init_tmp_L0
0x0001       [1]    UART2_Read___tmp_UART2_Read_L0
0x0001       [1]    R1
0x0001       [1]    UART1_Read___tmp_UART1_Read_L0
0x0002       [1]    R2
0x0003       [1]    R3
0x0004       [1]    R4
0x0005       [1]    R5
0x0006       [1]    R6
0x0007       [1]    R7
0x0008       [1]    R8
0x0009       [1]    R9
0x000A       [1]    R10
0x000B       [1]    R11
0x000C       [1]    R12
0x000D       [1]    R13
0x000E       [1]    R14
0x000F       [1]    R15
0x0010       [1]    R16
0x0011       [1]    R17
0x0012       [1]    R18
0x0013       [1]    R19
0x0014       [1]    R20
0x0015       [4]    _UART_Wr_Ptr
0x0019       [4]    _UART_Tx_Idle_Ptr
0x001D       [4]    _UART_Rdy_Ptr
0x0021       [4]    _UART_Rd_Ptr
0x0F39       [1]    ANSELB
0x0F3A       [1]    ANSELC
0x0F8B       [0]    TEST
0x0F8B       [0]    LATC4_bit
0x0F8B       [0]    LATC5_bit
0x0F94       [0]    TRISC5_bit
0x0F94       [0]    TRISC4_bit
0x0F94       [0]    MS1RS485_Direction
0x0F94       [0]    TEST_Direction
0x0F94       [0]    TRISC7_bit
0x0F94       [0]    TRISC6_bit
0x0F9D       [1]    PIE1
0x0F9E       [1]    PIR1
0x0FAB       [1]    RCSTA
0x0FAC       [1]    TXSTA
0x0FAE       [1]    RCREG
0x0FAF       [1]    SPBRG
0x0FB0       [1]    SPBRGH
0x0FB8       [1]    BAUDCON
0x0FD3       [1]    OSCCON
0x0FD8       [1]    STATUS
0x0FD9       [1]    FSR2L
0x0FDA       [1]    FSR2H
0x0FDE       [1]    POSTINC2
0x0FE0       [1]    BSR
0x0FE1       [1]    FSR1L
0x0FE2       [1]    FSR1H
0x0FE4       [1]    PREINC1
0x0FE6       [1]    POSTINC1
0x0FE7       [1]    INDF1
0x0FE8       [1]    WREG
0x0FE9       [1]    FSR0L
0x0FEA       [1]    FSR0H
0x0FEE       [1]    POSTINC0
0x0FF2       [1]    INTCON
0x0FF3       [1]    PRODL
0x0FF4       [1]    PRODH
0x0FF5       [1]    TABLAT
0x0FF6       [1]    TBLPTRL
0x0FF7       [1]    TBLPTRH
0x0FF8       [1]    TBLPTRU
