0	1	mikroCdsPIC.exe -MSF -DBG -pP33EP256MC202 -DL -SSA -O11111114 -fo80 -N"C:\Users\milto\Milton\RSA\Git\Proyecto Chanlud\Concentrador PCh\Concentrador-PCh\Concentrador principal\Firmware\ConcentradorPrincipal\ConcentradorPrincipal.mcpds" -SP"C:\Users\Public\Documents\Mikroelektronika\mikroC PRO for dsPIC\defs\" -SP"C:\Users\Public\Documents\Mikroelektronika\mikroC PRO for dsPIC\uses\" -SP"C:\Users\milto\Milton\RSA\Git\Proyecto Chanlud\Concentrador PCh\Concentrador-PCh\Concentrador principal\Firmware\ConcentradorPrincipal\" -IP"C:\Users\milto\Milton\RSA\Git\Proyecto Chanlud\Concentrador PCh\Concentrador-PCh\Concentrador principal\Firmware\Librerias\" "ConcentradorPrincipal.c" "__Lib_Math.mcl" "__Lib_MathDouble.mcl" "__Lib_System.mcl" "__Lib_Delays.mcl" "__Lib_CType.mcl" "__Lib_CString.mcl" "__Lib_CStdlib.mcl" "__Lib_Conversions.mcl" "__Lib_SPI_12.mcl" "__Lib_UART_12_p24_p33.mcl"	 
diagnostics: 0	121	Loading...	 
diagnostics: 0	122	Compilation Started	tiempo_rtc.c
hint: 89	1163	Variable 'valueSet' has been declared, but not used	tiempo_rtc.c
hint: 0	1004	interrupt handler (spi_1 at 0x0028)	ConcentradorPrincipal.c
hint: 0	1004	interrupt handler (int_1 at 0x003C)	ConcentradorPrincipal.c
hint: 0	1004	interrupt handler (int_2 at 0x004E)	ConcentradorPrincipal.c
hint: 0	1004	interrupt handler (Timer1Int at 0x001A)	ConcentradorPrincipal.c
hint: 0	1004	interrupt handler (Timer2Int at 0x0022)	ConcentradorPrincipal.c
hint: 0	1004	interrupt handler (urx_1 at 0x002A)	ConcentradorPrincipal.c
hint: 0	1004	interrupt handler (urx_2 at 0x0050)	ConcentradorPrincipal.c
diagnostics: 826	123	Compiled Successfully	ConcentradorPrincipal.c
warning: 30	1512	variable 'numDatos' might not have been initialized	rs485.c
warning: 165	1519	Logical expression is always: 'False'	ConcentradorPrincipal.c
hint: 77	1164	Variable 'value' has been eliminated by optimizer	ConcentradorPrincipal.c
hint: 130	1164	Variable 'valueRead' has been eliminated by optimizer	ConcentradorPrincipal.c
hint: 131	1164	Variable 'hora' has been eliminated by optimizer	ConcentradorPrincipal.c
hint: 160	1164	Variable 'valueRead' has been eliminated by optimizer	ConcentradorPrincipal.c
hint: 163	1164	Variable 'anio' has been eliminated by optimizer	ConcentradorPrincipal.c
hint: 192	1164	Variable 'fechaInc' has been eliminated by optimizer	ConcentradorPrincipal.c
hint: 65	1164	Variable 'fechaGPS' has been eliminated by optimizer	ConcentradorPrincipal.c
hint: 96	1164	Variable 'horaGPS' has been eliminated by optimizer	ConcentradorPrincipal.c
hint: 12	1164	Variable 'fechaRPi' has been eliminated by optimizer	ConcentradorPrincipal.c
hint: 23	1164	Variable 'horaRPi' has been eliminated by optimizer	ConcentradorPrincipal.c
diagnostics: 0	127	All files Compiled in 141 ms	 
hint: 0	1144	Used RX (bytes): 32 (100%)   Free RX (bytes): 0 (0%)	Used RX (bytes): 32 (100%)   Free RX (bytes): 0 (0%)
hint: 0	1144	Static RAM (bytes): 1173   Dynamic RAM (bytes): 27498	Static RAM (bytes): 1173   Dynamic RAM (bytes): 27498
hint: 0	1144	Used ROM (bytes): 6828 (4%)  Free ROM (bytes): 169280 (96%)	Used ROM (bytes): 6828 (4%)  Free ROM (bytes): 169280 (96%)
diagnostics: 0	125	Project Linked Successfully	ConcentradorPrincipal.mcpds
diagnostics: 0	128	Linked in 125 ms	 
diagnostics: 0	129	Project 'ConcentradorPrincipal.mcpds' completed: 375 ms	 
diagnostics: 0	103	Finished successfully: 26 ene. 2022, 12:39:38	ConcentradorPrincipal.mcpds
